

*******************************************************************************
Sun Nov  1 16:41:42 2020


FIT:    data read from './out/matmul.txt' u 1:2
        format = x:z
        #datapoints = 29
        residuals are weighted equally (unit weight)

function used for fitting: f0(x)
	f0(x) = exp(a0*log(x) + b0)
fitted parameters initialized with current variable values

iter      chisq       delta/lim  lambda   a0            b0           
   0 1.5834568661e+08   0.00e+00  1.17e+04    1.000000e+00   1.000000e+00
  17 2.2583536451e-04  -1.97e-04  1.17e-13    2.938160e+00  -2.306937e+01

After 17 iterations the fit converged.
final sum of squares of residuals : 0.000225835
rel. change during last iteration : -1.97228e-09

degrees of freedom    (FIT_NDF)                        : 27
rms of residuals      (FIT_STDFIT) = sqrt(WSSR/ndf)    : 0.00289211
variance of residuals (reduced chisquare) = WSSR/ndf   : 8.36427e-06

Final set of parameters            Asymptotic Standard Error
=======================            ==========================
a0              = 2.93816          +/- 0.04811      (1.638%)
b0              = -23.0694         +/- 0.3518       (1.525%)

correlation matrix of the fit parameters:
                a0     b0     
a0              1.000 
b0             -1.000  1.000 


*******************************************************************************
Sun Nov  1 16:41:42 2020


FIT:    data read from './out/matmul1.txt' u 1:2
        format = x:z
        #datapoints = 29
        residuals are weighted equally (unit weight)

function used for fitting: f1(x)
	f1(x) = exp(a1*log(x) + b1)
fitted parameters initialized with current variable values

iter      chisq       delta/lim  lambda   a1            b1           
   0 1.5732660260e+08   0.00e+00  1.17e+04    1.000000e+00   1.000000e+00
  12 4.9764788567e+00  -8.60e-04  1.17e-08    3.565832e+00  -2.283490e+01

After 12 iterations the fit converged.
final sum of squares of residuals : 4.97648
rel. change during last iteration : -8.59737e-09

degrees of freedom    (FIT_NDF)                        : 27
rms of residuals      (FIT_STDFIT) = sqrt(WSSR/ndf)    : 0.429318
variance of residuals (reduced chisquare) = WSSR/ndf   : 0.184314

Final set of parameters            Asymptotic Standard Error
=======================            ==========================
a1              = 3.56583          +/- 0.07425      (2.082%)
b1              = -22.8349         +/- 0.5458       (2.39%)

correlation matrix of the fit parameters:
                a1     b1     
a1              1.000 
b1             -1.000  1.000 


*******************************************************************************
Sun Nov  1 16:41:42 2020


FIT:    data read from './out/matmul2.txt' u 1:2
        format = x:z
        #datapoints = 29
        residuals are weighted equally (unit weight)

function used for fitting: f2(x)
	f2(x) = exp(a2*log(x) + b2)
fitted parameters initialized with current variable values

iter      chisq       delta/lim  lambda   a2            b2           
   0 1.5688592998e+08   0.00e+00  1.17e+04    1.000000e+00   1.000000e+00
  12 9.2541632260e+00  -2.32e-03  1.17e-08    3.448690e+00  -2.164200e+01

After 12 iterations the fit converged.
final sum of squares of residuals : 9.25416
rel. change during last iteration : -2.32151e-08

degrees of freedom    (FIT_NDF)                        : 27
rms of residuals      (FIT_STDFIT) = sqrt(WSSR/ndf)    : 0.585446
variance of residuals (reduced chisquare) = WSSR/ndf   : 0.342747

Final set of parameters            Asymptotic Standard Error
=======================            ==========================
a2              = 3.44869          +/- 0.06915      (2.005%)
b2              = -21.642          +/- 0.5075       (2.345%)

correlation matrix of the fit parameters:
                a2     b2     
a2              1.000 
b2             -1.000  1.000 


*******************************************************************************
Sun Nov  1 16:41:42 2020


FIT:    data read from './out/matmul3.txt' u 1:2
        format = x:z
        #datapoints = 29
        residuals are weighted equally (unit weight)

function used for fitting: f3(x)
	f3(x) = exp(a3*log(x) + b3)
fitted parameters initialized with current variable values

iter      chisq       delta/lim  lambda   a3            b3           
   0 1.5743679672e+08   0.00e+00  1.17e+04    1.000000e+00   1.000000e+00
  15 1.1315836039e+02  -4.47e-01  1.17e-11    5.077840e+00  -3.377874e+01

After 15 iterations the fit converged.
final sum of squares of residuals : 113.158
rel. change during last iteration : -4.47203e-06

degrees of freedom    (FIT_NDF)                        : 27
rms of residuals      (FIT_STDFIT) = sqrt(WSSR/ndf)    : 2.04721
variance of residuals (reduced chisquare) = WSSR/ndf   : 4.19105

Final set of parameters            Asymptotic Standard Error
=======================            ==========================
a3              = 5.07784          +/- 0.5167       (10.18%)
b3              = -33.7787         +/- 3.857        (11.42%)

correlation matrix of the fit parameters:
                a3     b3     
a3              1.000 
b3             -1.000  1.000 


*******************************************************************************
Sun Nov  1 16:41:42 2020


FIT:    data read from './out/matmul4.txt' u 1:2
        format = x:z
        #datapoints = 29
        residuals are weighted equally (unit weight)

function used for fitting: f4(x)
	f4(x) = exp(a4*log(x) + b4)
fitted parameters initialized with current variable values

iter      chisq       delta/lim  lambda   a4            b4           
   0 1.5632332188e+08   0.00e+00  1.17e+04    1.000000e+00   1.000000e+00
  11 2.8725759676e+01  -7.63e-02  1.17e-07    3.635323e+00  -2.264308e+01

After 11 iterations the fit converged.
final sum of squares of residuals : 28.7258
rel. change during last iteration : -7.63037e-07

degrees of freedom    (FIT_NDF)                        : 27
rms of residuals      (FIT_STDFIT) = sqrt(WSSR/ndf)    : 1.03146
variance of residuals (reduced chisquare) = WSSR/ndf   : 1.06392

Final set of parameters            Asymptotic Standard Error
=======================            ==========================
a4              = 3.63532          +/- 0.09094      (2.501%)
b4              = -22.6431         +/- 0.6687       (2.953%)

correlation matrix of the fit parameters:
                a4     b4     
a4              1.000 
b4             -1.000  1.000 
