

*******************************************************************************
Sun Nov  1 16:53:42 2020


FIT:    data read from './out/matmul.txt' u 1:2
        format = x:z
        #datapoints = 29
        residuals are weighted equally (unit weight)

function used for fitting: f0(x)
	f0(x) = exp(a0*log(x) + b0)
fitted parameters initialized with current variable values

iter      chisq       delta/lim  lambda   a0            b0           
   0 1.5834658703e+08   0.00e+00  1.17e+04    1.000000e+00   1.000000e+00
  16 3.9857322217e-04  -1.67e-01  1.17e-12    2.575289e+00  -2.059690e+01

After 16 iterations the fit converged.
final sum of squares of residuals : 0.000398573
rel. change during last iteration : -1.67316e-06

degrees of freedom    (FIT_NDF)                        : 27
rms of residuals      (FIT_STDFIT) = sqrt(WSSR/ndf)    : 0.00384213
variance of residuals (reduced chisquare) = WSSR/ndf   : 1.4762e-05

Final set of parameters            Asymptotic Standard Error
=======================            ==========================
a0              = 2.57529          +/- 0.06457      (2.507%)
b0              = -20.5969         +/- 0.4698       (2.281%)

correlation matrix of the fit parameters:
                a0     b0     
a0              1.000 
b0             -1.000  1.000 


*******************************************************************************
Sun Nov  1 16:53:42 2020


FIT:    data read from './out/matmul1.txt' u 1:2
        format = x:z
        #datapoints = 29
        residuals are weighted equally (unit weight)

function used for fitting: f1(x)
	f1(x) = exp(a1*log(x) + b1)
fitted parameters initialized with current variable values

iter      chisq       delta/lim  lambda   a1            b1           
   0 1.5814945509e+08   0.00e+00  1.17e+04    1.000000e+00   1.000000e+00
  13 1.2741194773e+00  -1.96e-01  1.17e-09    3.384789e+00  -2.316015e+01

After 13 iterations the fit converged.
final sum of squares of residuals : 1.27412
rel. change during last iteration : -1.96324e-06

degrees of freedom    (FIT_NDF)                        : 27
rms of residuals      (FIT_STDFIT) = sqrt(WSSR/ndf)    : 0.217232
variance of residuals (reduced chisquare) = WSSR/ndf   : 0.0471896

Final set of parameters            Asymptotic Standard Error
=======================            ==========================
a1              = 3.38479          +/- 0.1822       (5.383%)
b1              = -23.1601         +/- 1.338        (5.775%)

correlation matrix of the fit parameters:
                a1     b1     
a1              1.000 
b1             -1.000  1.000 


*******************************************************************************
Sun Nov  1 16:53:42 2020


FIT:    data read from './out/matmul2.txt' u 1:2
        format = x:z
        #datapoints = 29
        residuals are weighted equally (unit weight)

function used for fitting: f2(x)
	f2(x) = exp(a2*log(x) + b2)
fitted parameters initialized with current variable values

iter      chisq       delta/lim  lambda   a2            b2           
   0 1.5793463208e+08   0.00e+00  1.17e+04    1.000000e+00   1.000000e+00
  13 1.5133465749e+00  -5.53e-02  1.17e-09    4.287253e+00  -2.887436e+01

After 13 iterations the fit converged.
final sum of squares of residuals : 1.51335
rel. change during last iteration : -5.53487e-07

degrees of freedom    (FIT_NDF)                        : 27
rms of residuals      (FIT_STDFIT) = sqrt(WSSR/ndf)    : 0.236749
variance of residuals (reduced chisquare) = WSSR/ndf   : 0.0560499

Final set of parameters            Asymptotic Standard Error
=======================            ==========================
a2              = 4.28725          +/- 0.1132       (2.64%)
b2              = -28.8744         +/- 0.8387       (2.905%)

correlation matrix of the fit parameters:
                a2     b2     
a2              1.000 
b2             -1.000  1.000 


*******************************************************************************
Sun Nov  1 16:53:42 2020


FIT:    data read from './out/matmul3.txt' u 1:2
        format = x:z
        #datapoints = 29
        residuals are weighted equally (unit weight)

function used for fitting: f3(x)
	f3(x) = exp(a3*log(x) + b3)
fitted parameters initialized with current variable values

iter      chisq       delta/lim  lambda   a3            b3           
   0 1.5817336714e+08   0.00e+00  1.17e+04    1.000000e+00   1.000000e+00
  13 2.1851500015e-01  -1.21e-01  1.17e-09    2.832570e+00  -1.935407e+01

After 13 iterations the fit converged.
final sum of squares of residuals : 0.218515
rel. change during last iteration : -1.20923e-06

degrees of freedom    (FIT_NDF)                        : 27
rms of residuals      (FIT_STDFIT) = sqrt(WSSR/ndf)    : 0.0899619
variance of residuals (reduced chisquare) = WSSR/ndf   : 0.00809315

Final set of parameters            Asymptotic Standard Error
=======================            ==========================
a3              = 2.83257          +/- 0.07519      (2.654%)
b3              = -19.3541         +/- 0.5482       (2.832%)

correlation matrix of the fit parameters:
                a3     b3     
a3              1.000 
b3             -1.000  1.000 


*******************************************************************************
Sun Nov  1 16:53:42 2020


FIT:    data read from './out/matmul4.txt' u 1:2
        format = x:z
        #datapoints = 29
        residuals are weighted equally (unit weight)

function used for fitting: f4(x)
	f4(x) = exp(a4*log(x) + b4)
fitted parameters initialized with current variable values

iter      chisq       delta/lim  lambda   a4            b4           
   0 1.5707508441e+08   0.00e+00  1.17e+04    1.000000e+00   1.000000e+00
  13 4.3762363126e+01  -4.07e-02  1.17e-09    3.718882e+00  -2.368600e+01

After 13 iterations the fit converged.
final sum of squares of residuals : 43.7624
rel. change during last iteration : -4.07031e-07

degrees of freedom    (FIT_NDF)                        : 27
rms of residuals      (FIT_STDFIT) = sqrt(WSSR/ndf)    : 1.27312
variance of residuals (reduced chisquare) = WSSR/ndf   : 1.62083

Final set of parameters            Asymptotic Standard Error
=======================            ==========================
a4              = 3.71888          +/- 0.1783       (4.794%)
b4              = -23.686          +/- 1.313        (5.542%)

correlation matrix of the fit parameters:
                a4     b4     
a4              1.000 
b4             -1.000  1.000 
