

*******************************************************************************
Mon Nov 16 21:34:55 2020


FIT:    data read from "time.txt"
        format = z
        #datapoints = 50
        residuals are weighted equally (unit weight)

function used for fitting: f(x)
	f(x) = exp(a*log(x)+b)
fitted parameters initialized with current variable values

iter      chisq       delta/lim  lambda   a             b            
   0 4.0486264148e+08   0.00e+00  1.45e+04    1.000000e+00   1.000000e+00
  12 7.3942863961e+01  -2.73e-04  1.45e-08    3.504612e+00  -2.251734e+01

After 12 iterations the fit converged.
final sum of squares of residuals : 73.9429
rel. change during last iteration : -2.7332e-09

degrees of freedom    (FIT_NDF)                        : 48
rms of residuals      (FIT_STDFIT) = sqrt(WSSR/ndf)    : 1.24116
variance of residuals (reduced chisquare) = WSSR/ndf   : 1.54048

Final set of parameters            Asymptotic Standard Error
=======================            ==========================
a               = 3.50461          +/- 0.1112       (3.173%)
b               = -22.5173         +/- 0.8308       (3.69%)

correlation matrix of the fit parameters:
                a      b      
a               1.000 
b              -1.000  1.000 
