

*******************************************************************************
Sun Nov  1 16:58:46 2020


FIT:    data read from './out/optn/matmul.txt' u 1:2
        format = x:z
        #datapoints = 29
        residuals are weighted equally (unit weight)

function used for fitting: f0(x)
	f0(x) = exp(a0*log(x) + b0)
fitted parameters initialized with current variable values

iter      chisq       delta/lim  lambda   a0            b0           
   0 1.5834568661e+08   0.00e+00  1.17e+04    1.000000e+00   1.000000e+00
  17 2.2583536451e-04  -1.97e-04  1.17e-13    2.938160e+00  -2.306937e+01

After 17 iterations the fit converged.
final sum of squares of residuals : 0.000225835
rel. change during last iteration : -1.97228e-09

degrees of freedom    (FIT_NDF)                        : 27
rms of residuals      (FIT_STDFIT) = sqrt(WSSR/ndf)    : 0.00289211
variance of residuals (reduced chisquare) = WSSR/ndf   : 8.36427e-06

Final set of parameters            Asymptotic Standard Error
=======================            ==========================
a0              = 2.93816          +/- 0.04811      (1.638%)
b0              = -23.0694         +/- 0.3518       (1.525%)

correlation matrix of the fit parameters:
                a0     b0     
a0              1.000 
b0             -1.000  1.000 


*******************************************************************************
Sun Nov  1 16:58:46 2020


FIT:    data read from './out/optn/matmul1.txt' u 1:2
        format = x:z
        #datapoints = 29
        residuals are weighted equally (unit weight)

function used for fitting: f1(x)
	f1(x) = exp(a1*log(x) + b1)
fitted parameters initialized with current variable values

iter      chisq       delta/lim  lambda   a1            b1           
   0 1.5732660260e+08   0.00e+00  1.17e+04    1.000000e+00   1.000000e+00
  12 4.9764788567e+00  -8.60e-04  1.17e-08    3.565832e+00  -2.283490e+01

After 12 iterations the fit converged.
final sum of squares of residuals : 4.97648
rel. change during last iteration : -8.59737e-09

degrees of freedom    (FIT_NDF)                        : 27
rms of residuals      (FIT_STDFIT) = sqrt(WSSR/ndf)    : 0.429318
variance of residuals (reduced chisquare) = WSSR/ndf   : 0.184314

Final set of parameters            Asymptotic Standard Error
=======================            ==========================
a1              = 3.56583          +/- 0.07425      (2.082%)
b1              = -22.8349         +/- 0.5458       (2.39%)

correlation matrix of the fit parameters:
                a1     b1     
a1              1.000 
b1             -1.000  1.000 


*******************************************************************************
Sun Nov  1 16:58:46 2020


FIT:    data read from './out/optn/matmul2.txt' u 1:2
        format = x:z
        #datapoints = 29
        residuals are weighted equally (unit weight)

function used for fitting: f2(x)
	f2(x) = exp(a2*log(x) + b2)
fitted parameters initialized with current variable values

iter      chisq       delta/lim  lambda   a2            b2           
   0 1.5688592998e+08   0.00e+00  1.17e+04    1.000000e+00   1.000000e+00
  12 9.2541632260e+00  -2.32e-03  1.17e-08    3.448690e+00  -2.164200e+01

After 12 iterations the fit converged.
final sum of squares of residuals : 9.25416
rel. change during last iteration : -2.32151e-08

degrees of freedom    (FIT_NDF)                        : 27
rms of residuals      (FIT_STDFIT) = sqrt(WSSR/ndf)    : 0.585446
variance of residuals (reduced chisquare) = WSSR/ndf   : 0.342747

Final set of parameters            Asymptotic Standard Error
=======================            ==========================
a2              = 3.44869          +/- 0.06915      (2.005%)
b2              = -21.642          +/- 0.5075       (2.345%)

correlation matrix of the fit parameters:
                a2     b2     
a2              1.000 
b2             -1.000  1.000 


*******************************************************************************
Sun Nov  1 16:58:46 2020


FIT:    data read from './out/optn/matmul3.txt' u 1:2
        format = x:z
        #datapoints = 29
        residuals are weighted equally (unit weight)

function used for fitting: f3(x)
	f3(x) = exp(a3*log(x) + b3)
fitted parameters initialized with current variable values

iter      chisq       delta/lim  lambda   a3            b3           
   0 1.5743679672e+08   0.00e+00  1.17e+04    1.000000e+00   1.000000e+00
  15 1.1315836039e+02  -4.47e-01  1.17e-11    5.077840e+00  -3.377874e+01

After 15 iterations the fit converged.
final sum of squares of residuals : 113.158
rel. change during last iteration : -4.47203e-06

degrees of freedom    (FIT_NDF)                        : 27
rms of residuals      (FIT_STDFIT) = sqrt(WSSR/ndf)    : 2.04721
variance of residuals (reduced chisquare) = WSSR/ndf   : 4.19105

Final set of parameters            Asymptotic Standard Error
=======================            ==========================
a3              = 5.07784          +/- 0.5167       (10.18%)
b3              = -33.7787         +/- 3.857        (11.42%)

correlation matrix of the fit parameters:
                a3     b3     
a3              1.000 
b3             -1.000  1.000 


*******************************************************************************
Sun Nov  1 16:58:46 2020


FIT:    data read from './out/optn/matmul4.txt' u 1:2
        format = x:z
        #datapoints = 29
        residuals are weighted equally (unit weight)

function used for fitting: f4(x)
	f4(x) = exp(a4*log(x) + b4)
fitted parameters initialized with current variable values

iter      chisq       delta/lim  lambda   a4            b4           
   0 1.5632332188e+08   0.00e+00  1.17e+04    1.000000e+00   1.000000e+00
  11 2.8725759676e+01  -7.63e-02  1.17e-07    3.635323e+00  -2.264308e+01

After 11 iterations the fit converged.
final sum of squares of residuals : 28.7258
rel. change during last iteration : -7.63037e-07

degrees of freedom    (FIT_NDF)                        : 27
rms of residuals      (FIT_STDFIT) = sqrt(WSSR/ndf)    : 1.03146
variance of residuals (reduced chisquare) = WSSR/ndf   : 1.06392

Final set of parameters            Asymptotic Standard Error
=======================            ==========================
a4              = 3.63532          +/- 0.09094      (2.501%)
b4              = -22.6431         +/- 0.6687       (2.953%)

correlation matrix of the fit parameters:
                a4     b4     
a4              1.000 
b4             -1.000  1.000 


*******************************************************************************
Sun Nov  1 16:58:46 2020


FIT:    data read from './out/opt1/matmul.txt' u 1:2
        format = x:z
        #datapoints = 29
        residuals are weighted equally (unit weight)

function used for fitting: f0(x)
	f0(x) = exp(a0*log(x) + b0)
fitted parameters initialized with current variable values

iter      chisq       delta/lim  lambda   a0            b0           
   0 1.4467590253e-03   0.00e+00  1.66e+00    2.938160e+00  -2.306937e+01
   6 2.7809324285e-04  -4.45e-02  1.66e-06    2.774009e+00  -2.198056e+01

After 6 iterations the fit converged.
final sum of squares of residuals : 0.000278093
rel. change during last iteration : -4.44644e-07

degrees of freedom    (FIT_NDF)                        : 27
rms of residuals      (FIT_STDFIT) = sqrt(WSSR/ndf)    : 0.00320932
variance of residuals (reduced chisquare) = WSSR/ndf   : 1.02997e-05

Final set of parameters            Asymptotic Standard Error
=======================            ==========================
a0              = 2.77401          +/- 0.05538      (1.996%)
b0              = -21.9806         +/- 0.4041       (1.838%)

correlation matrix of the fit parameters:
                a0     b0     
a0              1.000 
b0             -1.000  1.000 


*******************************************************************************
Sun Nov  1 16:58:46 2020


FIT:    data read from './out/opt1/matmul1.txt' u 1:2
        format = x:z
        #datapoints = 29
        residuals are weighted equally (unit weight)

function used for fitting: f1(x)
	f1(x) = exp(a1*log(x) + b1)
fitted parameters initialized with current variable values

iter      chisq       delta/lim  lambda   a1            b1           
   0 7.7759837987e+02   0.00e+00  2.08e+02    3.565832e+00  -2.283490e+01
   7 7.7604488183e-01  -9.46e-02  2.08e-05    3.082636e+00  -2.030067e+01

After 7 iterations the fit converged.
final sum of squares of residuals : 0.776045
rel. change during last iteration : -9.46218e-07

degrees of freedom    (FIT_NDF)                        : 27
rms of residuals      (FIT_STDFIT) = sqrt(WSSR/ndf)    : 0.169536
variance of residuals (reduced chisquare) = WSSR/ndf   : 0.0287424

Final set of parameters            Asymptotic Standard Error
=======================            ==========================
a1              = 3.08264          +/- 0.06554      (2.126%)
b1              = -20.3007         +/- 0.4792       (2.361%)

correlation matrix of the fit parameters:
                a1     b1     
a1              1.000 
b1             -1.000  1.000 


*******************************************************************************
Sun Nov  1 16:58:46 2020


FIT:    data read from './out/opt1/matmul2.txt' u 1:2
        format = x:z
        #datapoints = 29
        residuals are weighted equally (unit weight)

function used for fitting: f2(x)
	f2(x) = exp(a2*log(x) + b2)
fitted parameters initialized with current variable values

iter      chisq       delta/lim  lambda   a2            b2           
   0 1.7693597260e+03   0.00e+00  2.83e+02    3.448690e+00  -2.164200e+01
   7 8.6186505444e-01  -3.42e-03  2.83e-05    3.242426e+00  -2.119185e+01

After 7 iterations the fit converged.
final sum of squares of residuals : 0.861865
rel. change during last iteration : -3.421e-08

degrees of freedom    (FIT_NDF)                        : 27
rms of residuals      (FIT_STDFIT) = sqrt(WSSR/ndf)    : 0.178664
variance of residuals (reduced chisquare) = WSSR/ndf   : 0.0319209

Final set of parameters            Asymptotic Standard Error
=======================            ==========================
a2              = 3.24243          +/- 0.05598      (1.726%)
b2              = -21.1918         +/- 0.41         (1.935%)

correlation matrix of the fit parameters:
                a2     b2     
a2              1.000 
b2             -1.000  1.000 


*******************************************************************************
Sun Nov  1 16:58:46 2020


FIT:    data read from './out/opt1/matmul3.txt' u 1:2
        format = x:z
        #datapoints = 29
        residuals are weighted equally (unit weight)

function used for fitting: f3(x)
	f3(x) = exp(a3*log(x) + b3)
fitted parameters initialized with current variable values

iter      chisq       delta/lim  lambda   a3            b3           
   0 7.1532259241e+02   0.00e+00  2.81e+02    5.077840e+00  -3.377874e+01
  56 4.2149093652e-01  -4.04e-01  2.81e-04    3.065068e+00  -2.025424e+01

After 56 iterations the fit converged.
final sum of squares of residuals : 0.421491
rel. change during last iteration : -4.03941e-06

degrees of freedom    (FIT_NDF)                        : 27
rms of residuals      (FIT_STDFIT) = sqrt(WSSR/ndf)    : 0.124943
variance of residuals (reduced chisquare) = WSSR/ndf   : 0.0156108

Final set of parameters            Asymptotic Standard Error
=======================            ==========================
a3              = 3.06507          +/- 0.05204      (1.698%)
b3              = -20.2542         +/- 0.3804       (1.878%)

correlation matrix of the fit parameters:
                a3     b3     
a3              1.000 
b3             -1.000  1.000 


*******************************************************************************
Sun Nov  1 16:58:46 2020


FIT:    data read from './out/opt1/matmul4.txt' u 1:2
        format = x:z
        #datapoints = 29
        residuals are weighted equally (unit weight)

function used for fitting: f4(x)
	f4(x) = exp(a4*log(x) + b4)
fitted parameters initialized with current variable values

iter      chisq       delta/lim  lambda   a4            b4           
   0 1.0792782323e+03   0.00e+00  4.17e+02    3.635323e+00  -2.264308e+01
  22 2.0418132888e+01  -8.03e-01  4.17e+00    3.691542e+00  -2.348458e+01

After 22 iterations the fit converged.
final sum of squares of residuals : 20.4181
rel. change during last iteration : -8.03455e-06

degrees of freedom    (FIT_NDF)                        : 27
rms of residuals      (FIT_STDFIT) = sqrt(WSSR/ndf)    : 0.869613
variance of residuals (reduced chisquare) = WSSR/ndf   : 0.756227

Final set of parameters            Asymptotic Standard Error
=======================            ==========================
a4              = 3.69154          +/- 0.1204       (3.261%)
b4              = -23.4846         +/- 0.886        (3.773%)

correlation matrix of the fit parameters:
                a4     b4     
a4              1.000 
b4             -1.000  1.000 


*******************************************************************************
Sun Nov  1 16:58:46 2020


FIT:    data read from './out/opt2/matmul.txt' u 1:2
        format = x:z
        #datapoints = 29
        residuals are weighted equally (unit weight)

function used for fitting: f0(x)
	f0(x) = exp(a0*log(x) + b0)
fitted parameters initialized with current variable values

iter      chisq       delta/lim  lambda   a0            b0           
   0 7.0135923233e-04   0.00e+00  1.45e+00    2.774009e+00  -2.198056e+01
   6 3.9857322094e-04  -5.43e-03  1.45e-06    2.575288e+00  -2.059689e+01

After 6 iterations the fit converged.
final sum of squares of residuals : 0.000398573
rel. change during last iteration : -5.43453e-08

degrees of freedom    (FIT_NDF)                        : 27
rms of residuals      (FIT_STDFIT) = sqrt(WSSR/ndf)    : 0.00384213
variance of residuals (reduced chisquare) = WSSR/ndf   : 1.4762e-05

Final set of parameters            Asymptotic Standard Error
=======================            ==========================
a0              = 2.57529          +/- 0.06457      (2.507%)
b0              = -20.5969         +/- 0.4698       (2.281%)

correlation matrix of the fit parameters:
                a0     b0     
a0              1.000 
b0             -1.000  1.000 


*******************************************************************************
Sun Nov  1 16:58:46 2020


FIT:    data read from './out/opt2/matmul1.txt' u 1:2
        format = x:z
        #datapoints = 29
        residuals are weighted equally (unit weight)

function used for fitting: f1(x)
	f1(x) = exp(a1*log(x) + b1)
fitted parameters initialized with current variable values

iter      chisq       delta/lim  lambda   a1            b1           
   0 8.4531287739e+01   0.00e+00  7.17e+01    3.082636e+00  -2.030067e+01
   7 1.2741194350e+00  -1.08e-02  7.17e-06    3.384802e+00  -2.316022e+01

After 7 iterations the fit converged.
final sum of squares of residuals : 1.27412
rel. change during last iteration : -1.07573e-07

degrees of freedom    (FIT_NDF)                        : 27
rms of residuals      (FIT_STDFIT) = sqrt(WSSR/ndf)    : 0.217232
variance of residuals (reduced chisquare) = WSSR/ndf   : 0.0471896

Final set of parameters            Asymptotic Standard Error
=======================            ==========================
a1              = 3.3848           +/- 0.1822       (5.383%)
b1              = -23.1602         +/- 1.338        (5.775%)

correlation matrix of the fit parameters:
                a1     b1     
a1              1.000 
b1             -1.000  1.000 


*******************************************************************************
Sun Nov  1 16:58:46 2020


FIT:    data read from './out/opt2/matmul2.txt' u 1:2
        format = x:z
        #datapoints = 29
        residuals are weighted equally (unit weight)

function used for fitting: f2(x)
	f2(x) = exp(a2*log(x) + b2)
fitted parameters initialized with current variable values

iter      chisq       delta/lim  lambda   a2            b2           
   0 2.3275493275e+01   0.00e+00  9.68e+01    3.242426e+00  -2.119185e+01
  33 1.5133711758e+00  -7.45e-01  9.68e-01    4.284843e+00  -2.885714e+01

After 33 iterations the fit converged.
final sum of squares of residuals : 1.51337
rel. change during last iteration : -7.44899e-06

degrees of freedom    (FIT_NDF)                        : 27
rms of residuals      (FIT_STDFIT) = sqrt(WSSR/ndf)    : 0.23675
variance of residuals (reduced chisquare) = WSSR/ndf   : 0.0560508

Final set of parameters            Asymptotic Standard Error
=======================            ==========================
a2              = 4.28484          +/- 0.1131       (2.64%)
b2              = -28.8571         +/- 0.8384       (2.905%)

correlation matrix of the fit parameters:
                a2     b2     
a2              1.000 
b2             -1.000  1.000 


*******************************************************************************
Sun Nov  1 16:58:46 2020


FIT:    data read from './out/opt2/matmul3.txt' u 1:2
        format = x:z
        #datapoints = 29
        residuals are weighted equally (unit weight)

function used for fitting: f3(x)
	f3(x) = exp(a3*log(x) + b3)
fitted parameters initialized with current variable values

iter      chisq       delta/lim  lambda   a3            b3           
   0 8.0680474443e+01   0.00e+00  6.59e+01    3.065068e+00  -2.025424e+01
   6 2.1851499957e-01  -1.45e-02  6.59e-05    2.832570e+00  -1.935407e+01

After 6 iterations the fit converged.
final sum of squares of residuals : 0.218515
rel. change during last iteration : -1.45304e-07

degrees of freedom    (FIT_NDF)                        : 27
rms of residuals      (FIT_STDFIT) = sqrt(WSSR/ndf)    : 0.0899619
variance of residuals (reduced chisquare) = WSSR/ndf   : 0.00809315

Final set of parameters            Asymptotic Standard Error
=======================            ==========================
a3              = 2.83257          +/- 0.07519      (2.654%)
b3              = -19.3541         +/- 0.5482       (2.832%)

correlation matrix of the fit parameters:
                a3     b3     
a3              1.000 
b3             -1.000  1.000 


*******************************************************************************
Sun Nov  1 16:58:46 2020


FIT:    data read from './out/opt2/matmul4.txt' u 1:2
        format = x:z
        #datapoints = 29
        residuals are weighted equally (unit weight)

function used for fitting: f4(x)
	f4(x) = exp(a4*log(x) + b4)
fitted parameters initialized with current variable values

iter      chisq       delta/lim  lambda   a4            b4           
   0 4.3900367617e+01   0.00e+00  2.76e+02    3.691542e+00  -2.348458e+01
   8 4.3762671791e+01  -7.56e-01  2.76e+00    3.717122e+00  -2.367353e+01

After 8 iterations the fit converged.
final sum of squares of residuals : 43.7627
rel. change during last iteration : -7.56416e-06

degrees of freedom    (FIT_NDF)                        : 27
rms of residuals      (FIT_STDFIT) = sqrt(WSSR/ndf)    : 1.27312
variance of residuals (reduced chisquare) = WSSR/ndf   : 1.62084

Final set of parameters            Asymptotic Standard Error
=======================            ==========================
a4              = 3.71712          +/- 0.1782       (4.795%)
b4              = -23.6735         +/- 1.312        (5.543%)

correlation matrix of the fit parameters:
                a4     b4     
a4              1.000 
b4             -1.000  1.000 


*******************************************************************************
Sun Nov  1 16:58:46 2020


FIT:    data read from './out/opt3/matmul.txt' u 1:2
        format = x:z
        #datapoints = 29
        residuals are weighted equally (unit weight)

function used for fitting: f0(x)
	f0(x) = exp(a0*log(x) + b0)
fitted parameters initialized with current variable values

iter      chisq       delta/lim  lambda   a0            b0           
   0 5.2968161792e-04   0.00e+00  1.30e+00    2.575288e+00  -2.059689e+01
   6 5.2949291034e-05  -1.79e-02  1.30e-06    2.876081e+00  -2.270788e+01

After 6 iterations the fit converged.
final sum of squares of residuals : 5.29493e-05
rel. change during last iteration : -1.78818e-07

degrees of freedom    (FIT_NDF)                        : 27
rms of residuals      (FIT_STDFIT) = sqrt(WSSR/ndf)    : 0.00140039
variance of residuals (reduced chisquare) = WSSR/ndf   : 1.96108e-06

Final set of parameters            Asymptotic Standard Error
=======================            ==========================
a0              = 2.87608          +/- 0.02485      (0.864%)
b0              = -22.7079         +/- 0.1816       (0.7995%)

correlation matrix of the fit parameters:
                a0     b0     
a0              1.000 
b0             -1.000  1.000 


*******************************************************************************
Sun Nov  1 16:58:46 2020


FIT:    data read from './out/opt3/matmul1.txt' u 1:2
        format = x:z
        #datapoints = 29
        residuals are weighted equally (unit weight)

function used for fitting: f1(x)
	f1(x) = exp(a1*log(x) + b1)
fitted parameters initialized with current variable values

iter      chisq       delta/lim  lambda   a1            b1           
   0 1.0730103632e+00   0.00e+00  4.00e+01    3.384802e+00  -2.316022e+01
  15 9.8462414803e-01  -7.52e-01  4.00e-01    3.599145e+00  -2.467754e+01

After 15 iterations the fit converged.
final sum of squares of residuals : 0.984624
rel. change during last iteration : -7.51599e-06

degrees of freedom    (FIT_NDF)                        : 27
rms of residuals      (FIT_STDFIT) = sqrt(WSSR/ndf)    : 0.190965
variance of residuals (reduced chisquare) = WSSR/ndf   : 0.0364676

Final set of parameters            Asymptotic Standard Error
=======================            ==========================
a1              = 3.59914          +/- 0.1655       (4.598%)
b1              = -24.6775         +/- 1.218        (4.935%)

correlation matrix of the fit parameters:
                a1     b1     
a1              1.000 
b1             -1.000  1.000 


*******************************************************************************
Sun Nov  1 16:58:46 2020


FIT:    data read from './out/opt3/matmul2.txt' u 1:2
        format = x:z
        #datapoints = 29
        residuals are weighted equally (unit weight)

function used for fitting: f2(x)
	f2(x) = exp(a2*log(x) + b2)
fitted parameters initialized with current variable values

iter      chisq       delta/lim  lambda   a2            b2           
   0 2.5828447047e+01   0.00e+00  1.08e+02    4.284843e+00  -2.885714e+01
  34 2.3958898899e-01  -8.53e-01  1.08e+00    3.894843e+00  -2.635079e+01

After 34 iterations the fit converged.
final sum of squares of residuals : 0.239589
rel. change during last iteration : -8.53199e-06

degrees of freedom    (FIT_NDF)                        : 27
rms of residuals      (FIT_STDFIT) = sqrt(WSSR/ndf)    : 0.0942001
variance of residuals (reduced chisquare) = WSSR/ndf   : 0.00887367

Final set of parameters            Asymptotic Standard Error
=======================            ==========================
a2              = 3.89484          +/- 0.05575      (1.431%)
b2              = -26.3508         +/- 0.4115       (1.562%)

correlation matrix of the fit parameters:
                a2     b2     
a2              1.000 
b2             -1.000  1.000 


*******************************************************************************
Sun Nov  1 16:58:46 2020


FIT:    data read from './out/opt3/matmul3.txt' u 1:2
        format = x:z
        #datapoints = 29
        residuals are weighted equally (unit weight)

function used for fitting: f3(x)
	f3(x) = exp(a3*log(x) + b3)
fitted parameters initialized with current variable values

iter      chisq       delta/lim  lambda   a3            b3           
   0 3.4663778661e-01   0.00e+00  2.88e+01    2.832570e+00  -1.935407e+01
   6 3.3592506728e-03  -5.48e-01  2.88e-05    3.142209e+00  -2.151147e+01

After 6 iterations the fit converged.
final sum of squares of residuals : 0.00335925
rel. change during last iteration : -5.48481e-06

degrees of freedom    (FIT_NDF)                        : 27
rms of residuals      (FIT_STDFIT) = sqrt(WSSR/ndf)    : 0.0111542
variance of residuals (reduced chisquare) = WSSR/ndf   : 0.000124417

Final set of parameters            Asymptotic Standard Error
=======================            ==========================
a3              = 3.14221          +/- 0.009602     (0.3056%)
b3              = -21.5115         +/- 0.07028      (0.3267%)

correlation matrix of the fit parameters:
                a3     b3     
a3              1.000 
b3             -1.000  1.000 


*******************************************************************************
Sun Nov  1 16:58:46 2020


FIT:    data read from './out/opt3/matmul4.txt' u 1:2
        format = x:z
        #datapoints = 29
        residuals are weighted equally (unit weight)

function used for fitting: f4(x)
	f4(x) = exp(a4*log(x) + b4)
fitted parameters initialized with current variable values

iter      chisq       delta/lim  lambda   a4            b4           
   0 4.0176378867e+01   0.00e+00  2.76e+02    3.717122e+00  -2.367353e+01
  11 3.8265747284e+01  -8.15e-01  2.76e+00    3.803816e+00  -2.427566e+01

After 11 iterations the fit converged.
final sum of squares of residuals : 38.2657
rel. change during last iteration : -8.14779e-06

degrees of freedom    (FIT_NDF)                        : 27
rms of residuals      (FIT_STDFIT) = sqrt(WSSR/ndf)    : 1.19048
variance of residuals (reduced chisquare) = WSSR/ndf   : 1.41725

Final set of parameters            Asymptotic Standard Error
=======================            ==========================
a4              = 3.80382          +/- 0.1666       (4.38%)
b4              = -24.2757         +/- 1.228        (5.058%)

correlation matrix of the fit parameters:
                a4     b4     
a4              1.000 
b4             -1.000  1.000 
